setting 'ivy.default.settings.dir' to 'jar:file:/home/giladhoch/bin/sbt-launch.jar!/org/apache/ivy/core/settings'
setting 'ivy.basedir' to '/home/giladhoch/workspace/clever_dropbox/clever_dropbox_server/.'
setting 'ivy.default.conf.dir' to 'jar:file:/home/giladhoch/bin/sbt-launch.jar!/org/apache/ivy/core/settings'
impossible to define new type: class not found: org.apache.ivy.plugins.version.PatternVersionMatcher in [] nor Ivy classloader
impossible to define new type: class not found: org.apache.ivy.plugins.trigger.LogTrigger in [] nor Ivy classloader
impossible to define new type: class not found: org.apache.ivy.plugins.resolver.DualResolver in [] nor Ivy classloader
impossible to define new type: class not found: org.apache.ivy.plugins.resolver.VsftpResolver in [] nor Ivy classloader
impossible to define new type: class not found: org.apache.ivy.plugins.conflict.RegexpConflictManager in [] nor Ivy classloader
impossible to define new type: class not found: org.apache.ivy.plugins.resolver.SshResolver in [] nor Ivy classloader
impossible to define new type: class not found: org.apache.ivy.plugins.resolver.VfsResolver in [] nor Ivy classloader
impossible to define new type: class not found: org.apache.ivy.plugins.signer.bouncycastle.OpenPGPSignatureGenerator in [] nor Ivy classloader
impossible to define new type: class not found: org.apache.ivy.plugins.resolver.SFTPResolver in [] nor Ivy classloader
impossible to define new type: class not found: org.apache.ivy.plugins.resolver.packager.PackagerResolver in [] nor Ivy classloader
impossible to define new type: class not found: org.apache.ivy.ant.AntCallTrigger in [] nor Ivy classloader
impossible to define new type: class not found: org.apache.ivy.plugins.resolver.IvyRepResolver in [] nor Ivy classloader
impossible to define new type: class not found: org.apache.ivy.ant.AntBuildTrigger in [] nor Ivy classloader
impossible to define glob matcher: org.apache.ivy.plugins.matcher.GlobPatternMatcher was not found.
setting 'java.runtime.name' to 'Java(TM) SE Runtime Environment'
setting 'sun.boot.library.path' to '/opt/jdk6/jre/lib/i386'
setting 'java.vm.version' to '19.1-b02'
setting 'java.vm.vendor' to 'Sun Microsystems Inc.'
setting 'java.vendor.url' to 'http://java.sun.com/'
setting 'path.separator' to ':'
setting 'java.vm.name' to 'Java HotSpot(TM) Server VM'
setting 'file.encoding.pkg' to 'sun.io'
setting 'sun.java.launcher' to 'SUN_STANDARD'
setting 'user.country' to 'US'
setting 'sun.os.patch.level' to 'unknown'
setting 'java.vm.specification.name' to 'Java Virtual Machine Specification'
setting 'user.dir' to '/home/giladhoch/workspace/clever_dropbox/clever_dropbox_server'
setting 'java.runtime.version' to '1.6.0_24-b07'
setting 'java.awt.graphicsenv' to 'sun.awt.X11GraphicsEnvironment'
setting 'java.endorsed.dirs' to '/opt/jdk6/jre/lib/endorsed'
setting 'os.arch' to 'i386'
setting 'java.io.tmpdir' to '/tmp'
setting 'line.separator' to '
'
setting 'java.vm.specification.vendor' to 'Sun Microsystems Inc.'
setting 'os.name' to 'Linux'
setting 'sun.jnu.encoding' to 'UTF-8'
setting 'java.library.path' to '/opt/jdk6/jre/lib/i386/server:/opt/jdk6/jre/lib/i386:/opt/jdk6/jre/../lib/i386:/usr/local/aldebaran-sdk-1.6.13-linux-i386/lib:/usr/java/packages/lib/i386:/lib:/usr/lib'
setting 'java.specification.name' to 'Java Platform API Specification'
setting 'java.class.version' to '50.0'
setting 'sun.management.compiler' to 'HotSpot Tiered Compilers'
setting 'os.version' to '2.6.38-10-generic'
setting 'user.home' to '/home/giladhoch'
setting 'user.timezone' to 'Asia/Jerusalem'
setting 'java.awt.printerjob' to 'sun.print.PSPrinterJob'
setting 'file.encoding' to 'UTF-8'
setting 'java.specification.version' to '1.6'
setting 'java.class.path' to '/home/giladhoch/bin/sbt-launch.jar'
setting 'user.name' to 'giladhoch'
setting 'java.vm.specification.version' to '1.0'
setting 'java.home' to '/opt/jdk6/jre'
setting 'sun.arch.data.model' to '32'
setting 'user.language' to 'en'
setting 'java.specification.vendor' to 'Sun Microsystems Inc.'
setting 'java.vm.info' to 'mixed mode'
setting 'java.version' to '1.6.0_24'
setting 'java.ext.dirs' to '/opt/jdk6/jre/lib/ext:/usr/java/packages/lib/ext'
setting 'sun.boot.class.path' to '/opt/jdk6/jre/lib/resources.jar:/opt/jdk6/jre/lib/rt.jar:/opt/jdk6/jre/lib/sunrsasign.jar:/opt/jdk6/jre/lib/jsse.jar:/opt/jdk6/jre/lib/jce.jar:/opt/jdk6/jre/lib/charsets.jar:/opt/jdk6/jre/lib/modules/jdk.boot.jar:/opt/jdk6/jre/classes'
setting 'java.vendor' to 'Sun Microsystems Inc.'
setting 'file.separator' to '/'
setting 'java.vendor.url.bug' to 'http://java.sun.com/cgi-bin/bugreport.cgi'
setting 'sun.io.unicode.encoding' to 'UnicodeLittle'
setting 'sun.cpu.endian' to 'little'
setting 'sun.desktop' to 'gnome'
setting 'sun.cpu.isalist' to ''
setting 'ivy.default.ivy.user.dir' to '/home/giladhoch/.ivy2'
setting 'ivy.home' to '/home/giladhoch/.ivy2'
setting 'ivy.cache.dir' to '/home/giladhoch/.ivy2/cache'
no default cache defined: set to /home/giladhoch/.ivy2/cache
setting 'ivy.checksums' to 'sha1,md5'
setting 'ivy.basedir' to '/home/giladhoch/workspace/clever_dropbox/clever_dropbox_server/project/boot'
setting 'basedir' to '/home/giladhoch/workspace/clever_dropbox/clever_dropbox_server/project/boot'
setting 'scala' to '2.9.0-1'
:: resolving dependencies :: org.scala-tools.sbt#boot-scala;1.0
	confs: [default]
	validate = true
	refresh = false
resolving dependencies for configuration 'default'
== resolving dependencies for org.scala-tools.sbt#boot-scala;1.0 [default]
loadData of org.scala-tools.sbt#boot-scala;1.0 of rootConf=default
== resolving dependencies org.scala-tools.sbt#boot-scala;1.0->org.scala-lang#scala-compiler;2.9.0-1 [default->default]
loadData of org.scala-lang#scala-compiler;2.9.0-1 of rootConf=default
	using redefined-public to resolve org.scala-lang#scala-compiler;2.9.0-1
redefined-public: Checking cache for: dependency: org.scala-lang#scala-compiler;2.9.0-1 {default=[default, optional(default)]}
redefined-public: no namespace defined: using system
No entry is found in the ModuleDescriptorCache : /home/giladhoch/.ivy2/cache/org.scala-lang/scala-compiler/ivy-2.9.0-1.xml
pre 1.3 ivy file: using exactOrRegexp as default matcher
	found ivy file in cache for org.scala-lang#scala-compiler;2.9.0-1 (resolved by Maven Central): /home/giladhoch/.ivy2/cache/org.scala-lang/scala-compiler/ivy-2.9.0-1.xml
redefined-public: module revision found in cache: org.scala-lang#scala-compiler;2.9.0-1
redefined-public: no latest strategy defined: using default
	found org.scala-lang#scala-compiler;2.9.0-1 in Maven Central
== resolving dependencies org.scala-tools.sbt#boot-scala;1.0->org.scala-lang#scala-compiler;2.9.0-1 [default->runtime]
loadData of org.scala-lang#scala-compiler;2.9.0-1 of rootConf=default
== resolving dependencies org.scala-tools.sbt#boot-scala;1.0->org.scala-lang#scala-compiler;2.9.0-1 [default->compile]
loadData of org.scala-lang#scala-compiler;2.9.0-1 of rootConf=default
== resolving dependencies org.scala-lang#scala-compiler;2.9.0-1->org.scala-lang#scala-library;2.9.0-1 [compile->master(*)]
loadData of org.scala-lang#scala-library;2.9.0-1 of rootConf=default
	using redefined-public to resolve org.scala-lang#scala-library;2.9.0-1
redefined-public: Checking cache for: dependency: org.scala-lang#scala-library;2.9.0-1 {compile=[compile(*), master(*)], runtime=[runtime(*)]}
No entry is found in the ModuleDescriptorCache : /home/giladhoch/.ivy2/cache/org.scala-lang/scala-library/ivy-2.9.0-1.xml
pre 1.3 ivy file: using exactOrRegexp as default matcher
	found ivy file in cache for org.scala-lang#scala-library;2.9.0-1 (resolved by Maven Central): /home/giladhoch/.ivy2/cache/org.scala-lang/scala-library/ivy-2.9.0-1.xml
redefined-public: module revision found in cache: org.scala-lang#scala-library;2.9.0-1
	found org.scala-lang#scala-library;2.9.0-1 in Maven Central
== resolving dependencies org.scala-lang#scala-compiler;2.9.0-1->org.scala-lang#scala-library;2.9.0-1 [compile->compile(*)]
loadData of org.scala-lang#scala-library;2.9.0-1 of rootConf=default
== resolving dependencies org.scala-lang#scala-compiler;2.9.0-1->org.scala-lang#scala-library;2.9.0-1 [compile->default]
loadData of org.scala-lang#scala-library;2.9.0-1 of rootConf=default
== resolving dependencies org.scala-lang#scala-compiler;2.9.0-1->org.scala-lang#scala-library;2.9.0-1 [compile->runtime]
loadData of org.scala-lang#scala-library;2.9.0-1 of rootConf=default
== resolving dependencies org.scala-lang#scala-compiler;2.9.0-1->org.scala-lang#scala-library;2.9.0-1 [compile->compile]
loadData of org.scala-lang#scala-library;2.9.0-1 of rootConf=default
== resolving dependencies org.scala-lang#scala-compiler;2.9.0-1->org.scala-lang#scala-library;2.9.0-1 [compile->master]
loadData of org.scala-lang#scala-library;2.9.0-1 of rootConf=default
== resolving dependencies org.scala-lang#scala-compiler;2.9.0-1->org.scala-lang#scala-library;2.9.0-1 [runtime->runtime(*)]
loadData of org.scala-lang#scala-library;2.9.0-1 of rootConf=default
== resolving dependencies org.scala-lang#scala-compiler;2.9.0-1->org.scala-lang#scala-library;2.9.0-1 [runtime->compile]
loadData of org.scala-lang#scala-library;2.9.0-1 of rootConf=default
default is loaded and no conf to load.  Skip loading
== resolving dependencies org.scala-tools.sbt#boot-scala;1.0->org.scala-lang#scala-compiler;2.9.0-1 [default->master]
loadData of org.scala-lang#scala-compiler;2.9.0-1 of rootConf=default
== resolving dependencies org.scala-tools.sbt#boot-scala;1.0->org.scala-lang#scala-compiler;2.9.0-1 [default->optional(default)]
loadData of org.scala-lang#scala-compiler;2.9.0-1 of rootConf=default
== resolving dependencies org.scala-lang#scala-compiler;2.9.0-1->org.scala-lang#jline;2.9.0-1 [optional->master(*)]
loadData of org.scala-lang#jline;2.9.0-1 of rootConf=default
	using redefined-public to resolve org.scala-lang#jline;2.9.0-1
redefined-public: Checking cache for: dependency: org.scala-lang#jline;2.9.0-1 {optional=[compile(*), master(*)]}
	no ivy file in cache for org.scala-lang#jline;2.9.0-1: tried /home/giladhoch/.ivy2/cache/org.scala-lang/jline/ivy-2.9.0-1.xml
local: no namespace defined: using system
	no ivy file in cache for org.scala-lang#jline;2.9.0-1: tried /home/giladhoch/.ivy2/cache/org.scala-lang/jline/ivy-2.9.0-1.xml
	 trying /home/giladhoch/.ivy2/local/org.scala-lang/jline/2.9.0-1/ivys/ivy.xml
		tried /home/giladhoch/.ivy2/local/org.scala-lang/jline/2.9.0-1/ivys/ivy.xml
	local: resource not reachable for org.scala-lang#jline;2.9.0-1: res=/home/giladhoch/.ivy2/local/org.scala-lang/jline/2.9.0-1/ivys/ivy.xml
	 trying /home/giladhoch/.ivy2/local/org.scala-lang/jline/2.9.0-1/jars/jline.jar
		tried /home/giladhoch/.ivy2/local/org.scala-lang/jline/2.9.0-1/jars/jline.jar
	local: resource not reachable for org.scala-lang#jline;2.9.0-1: res=/home/giladhoch/.ivy2/local/org.scala-lang/jline/2.9.0-1/jars/jline.jar
	local: no ivy file nor artifact found for org.scala-lang#jline;2.9.0-1
Maven2 Local: no namespace defined: using system
	no ivy file in cache for org.scala-lang#jline;2.9.0-1: tried /home/giladhoch/.ivy2/cache/org.scala-lang/jline/ivy-2.9.0-1.xml
	 trying file:///home/giladhoch/.m2/repository/org/scala-lang/jline/2.9.0-1/jline-2.9.0-1.pom
		tried file:///home/giladhoch/.m2/repository/org/scala-lang/jline/2.9.0-1/jline-2.9.0-1.pom
	Maven2 Local: resource not reachable for org/scala-lang#jline;2.9.0-1: res=file:/home/giladhoch/.m2/repository/org/scala-lang/jline/2.9.0-1/jline-2.9.0-1.pom
	 trying file:///home/giladhoch/.m2/repository/org/scala-lang/jline/2.9.0-1/jline-2.9.0-1.jar
		tried file:///home/giladhoch/.m2/repository/org/scala-lang/jline/2.9.0-1/jline-2.9.0-1.jar
	Maven2 Local: resource not reachable for org/scala-lang#jline;2.9.0-1: res=file:/home/giladhoch/.m2/repository/org/scala-lang/jline/2.9.0-1/jline-2.9.0-1.jar
	Maven2 Local: no ivy file nor artifact found for org.scala-lang#jline;2.9.0-1
typesafe-ivy-releases: no namespace defined: using system
	no ivy file in cache for org.scala-lang#jline;2.9.0-1: tried /home/giladhoch/.ivy2/cache/org.scala-lang/jline/ivy-2.9.0-1.xml
	 trying http://repo.typesafe.com/typesafe/ivy-releases/org.scala-lang/jline/2.9.0-1/ivys/ivy.xml
		tried http://repo.typesafe.com/typesafe/ivy-releases/org.scala-lang/jline/2.9.0-1/ivys/ivy.xml
HTTP response status: 404 url=http://repo.typesafe.com/typesafe/ivy-releases/org.scala-lang/jline/2.9.0-1/ivys/ivy.xml
CLIENT ERROR: Not Found url=http://repo.typesafe.com/typesafe/ivy-releases/org.scala-lang/jline/2.9.0-1/ivys/ivy.xml
	typesafe-ivy-releases: resource not reachable for org.scala-lang#jline;2.9.0-1: res=http://repo.typesafe.com/typesafe/ivy-releases/org.scala-lang/jline/2.9.0-1/ivys/ivy.xml
	 trying http://repo.typesafe.com/typesafe/ivy-releases/org.scala-lang/jline/2.9.0-1/jars/jline.jar
		tried http://repo.typesafe.com/typesafe/ivy-releases/org.scala-lang/jline/2.9.0-1/jars/jline.jar
HTTP response status: 404 url=http://repo.typesafe.com/typesafe/ivy-releases/org.scala-lang/jline/2.9.0-1/jars/jline.jar
CLIENT ERROR: Not Found url=http://repo.typesafe.com/typesafe/ivy-releases/org.scala-lang/jline/2.9.0-1/jars/jline.jar
	typesafe-ivy-releases: resource not reachable for org.scala-lang#jline;2.9.0-1: res=http://repo.typesafe.com/typesafe/ivy-releases/org.scala-lang/jline/2.9.0-1/jars/jline.jar
	typesafe-ivy-releases: no ivy file nor artifact found for org.scala-lang#jline;2.9.0-1
Maven Central: no namespace defined: using system
	no ivy file in cache for org.scala-lang#jline;2.9.0-1: tried /home/giladhoch/.ivy2/cache/org.scala-lang/jline/ivy-2.9.0-1.xml
	 trying http://repo1.maven.org/maven2/org/scala-lang/jline/2.9.0-1/jline-2.9.0-1.pom
		tried http://repo1.maven.org/maven2/org/scala-lang/jline/2.9.0-1/jline-2.9.0-1.pom
	Maven Central: found md file for org.scala-lang#jline;2.9.0-1
		=> http://repo1.maven.org/maven2/org/scala-lang/jline/2.9.0-1/jline-2.9.0-1.pom (2.9.0-1)
	parser = pom parser
	no ivy file in cache for org.scala-lang#jline;2.9.0-1: tried /home/giladhoch/.ivy2/cache/org.scala-lang/jline/ivy-2.9.0-1.xml
downloading http://repo1.maven.org/maven2/org/scala-lang/jline/2.9.0-1/jline-2.9.0-1.pom ...
	Maven Central: downloading http://repo1.maven.org/maven2/org/scala-lang/jline/2.9.0-1/jline-2.9.0-1.pom
		to /home/giladhoch/.ivy2/cache/org.scala-lang/jline/ivy-2.9.0-1.xml.original.part
sha1 file found for http://repo1.maven.org/maven2/org/scala-lang/jline/2.9.0-1/jline-2.9.0-1.pom: checking...
	Maven Central: downloading http://repo1.maven.org/maven2/org/scala-lang/jline/2.9.0-1/jline-2.9.0-1.pom.sha1
		to /tmp/ivytmp809425597762013174sha1
sha1 OK for http://repo1.maven.org/maven2/org/scala-lang/jline/2.9.0-1/jline-2.9.0-1.pom
	[SUCCESSFUL ] org.scala-lang#jline;2.9.0-1!jline.pom(pom.original) (1023ms)
	 trying /home/giladhoch/.ivy2/local/org.scala-lang/jline/2.9.0-1/jars/jline.jar
		tried /home/giladhoch/.ivy2/local/org.scala-lang/jline/2.9.0-1/jars/jline.jar
	local: resource not reachable for org.scala-lang#jline;2.9.0-1: res=/home/giladhoch/.ivy2/local/org.scala-lang/jline/2.9.0-1/jars/jline.jar
	 trying file:///home/giladhoch/.m2/repository/org/scala-lang/jline/2.9.0-1/jline-2.9.0-1.jar
		tried file:///home/giladhoch/.m2/repository/org/scala-lang/jline/2.9.0-1/jline-2.9.0-1.jar
	Maven2 Local: resource not reachable for org/scala-lang#jline;2.9.0-1: res=file:/home/giladhoch/.m2/repository/org/scala-lang/jline/2.9.0-1/jline-2.9.0-1.jar
	 trying http://repo.typesafe.com/typesafe/ivy-releases/org.scala-lang/jline/2.9.0-1/jars/jline.jar
		tried http://repo.typesafe.com/typesafe/ivy-releases/org.scala-lang/jline/2.9.0-1/jars/jline.jar
	typesafe-ivy-releases: resource not reachable for org.scala-lang#jline;2.9.0-1: res=http://repo.typesafe.com/typesafe/ivy-releases/org.scala-lang/jline/2.9.0-1/jars/jline.jar
	 trying http://repo1.maven.org/maven2/org/scala-lang/jline/2.9.0-1/jline-2.9.0-1.jar
		tried http://repo1.maven.org/maven2/org/scala-lang/jline/2.9.0-1/jline-2.9.0-1.jar
no source artifact found for org.scala-lang#jline;2.9.0-1
no javadoc artifact found for org.scala-lang#jline;2.9.0-1
	default-cache: parsed downloaded md file for org.scala-lang#jline;2.9.0-1; parsed=org.scala-lang#jline;2.9.0-1
	checking org.scala-lang#jline;2.9.0-1 from Maven Central against [none]
	module revision kept as first found: org.scala-lang#jline;2.9.0-1 from Maven Central
	found org.scala-lang#jline;2.9.0-1 in Maven Central
== resolving dependencies org.scala-lang#scala-compiler;2.9.0-1->org.scala-lang#jline;2.9.0-1 [optional->compile(*)]
loadData of org.scala-lang#jline;2.9.0-1 of rootConf=default
== resolving dependencies org.scala-lang#jline;2.9.0-1->org.fusesource.jansi#jansi;1.4 [compile->master(*)]
loadData of org.fusesource.jansi#jansi;1.4 of rootConf=default
	using redefined-public to resolve org.fusesource.jansi#jansi;1.4
redefined-public: Checking cache for: dependency: org.fusesource.jansi#jansi;1.4 {compile=[compile(*), master(*)], runtime=[runtime(*)]}
No entry is found in the ModuleDescriptorCache : /home/giladhoch/.ivy2/cache/org.fusesource.jansi/jansi/ivy-1.4.xml
post 1.3 ivy file: using exact as default matcher
	found ivy file in cache for org.fusesource.jansi#jansi;1.4 (resolved by Maven Central): /home/giladhoch/.ivy2/cache/org.fusesource.jansi/jansi/ivy-1.4.xml
redefined-public: module revision found in cache: org.fusesource.jansi#jansi;1.4
	found org.fusesource.jansi#jansi;1.4 in Maven Central
== resolving dependencies org.scala-lang#jline;2.9.0-1->org.fusesource.jansi#jansi;1.4 [compile->compile(*)]
loadData of org.fusesource.jansi#jansi;1.4 of rootConf=default
== resolving dependencies org.scala-tools.sbt#boot-scala;1.0->org.scala-lang#scala-library;2.9.0-1 [default->default]
loadData of org.scala-lang#scala-library;2.9.0-1 of rootConf=default
default is loaded and no conf to load.  Skip loading
== resolving dependencies org.scala-tools.sbt#boot-scala;1.0->org.scala-lang#scala-library;2.9.0-1 [default->runtime]
loadData of org.scala-lang#scala-library;2.9.0-1 of rootConf=default
default is loaded and no conf to load.  Skip loading
== resolving dependencies org.scala-tools.sbt#boot-scala;1.0->org.scala-lang#scala-library;2.9.0-1 [default->compile]
loadData of org.scala-lang#scala-library;2.9.0-1 of rootConf=default
default is loaded and no conf to load.  Skip loading
== resolving dependencies org.scala-tools.sbt#boot-scala;1.0->org.scala-lang#scala-library;2.9.0-1 [default->master]
loadData of org.scala-lang#scala-library;2.9.0-1 of rootConf=default
default is loaded and no conf to load.  Skip loading
Nbr of module to sort : 4
Sort dependencies of : org.scala-lang#scala-compiler;2.9.0-1 / Number of dependencies = 2
Sort dependencies of : org.scala-lang#scala-library;2.9.0-1 / Number of dependencies = 0
Sort done for : org.scala-lang#scala-library;2.9.0-1
Sort dependencies of : org.scala-lang#jline;2.9.0-1 / Number of dependencies = 1
Sort dependencies of : org.fusesource.jansi#jansi;1.4 / Number of dependencies = 1
Sort done for : org.fusesource.jansi#jansi;1.4
Sort done for : org.scala-lang#jline;2.9.0-1
Sort done for : org.scala-lang#scala-compiler;2.9.0-1
Module descriptor is processed : org.scala-lang#scala-library;2.9.0-1
Module descriptor is processed : org.scala-lang#jline;2.9.0-1
Module descriptor is processed : org.fusesource.jansi#jansi;1.4
	resolved ivy file produced in /home/giladhoch/.ivy2/cache/resolved-org.scala-tools.sbt-boot-scala-1.0.xml
:: downloading artifacts ::
	[NOT REQUIRED] org.scala-lang#scala-compiler;2.9.0-1!scala-compiler.jar
	[NOT REQUIRED] org.scala-lang#scala-library;2.9.0-1!scala-library.jar
	 trying http://repo1.maven.org/maven2/org/scala-lang/jline/2.9.0-1/jline-2.9.0-1.jar
		tried http://repo1.maven.org/maven2/org/scala-lang/jline/2.9.0-1/jline-2.9.0-1.jar
downloading http://repo1.maven.org/maven2/org/scala-lang/jline/2.9.0-1/jline-2.9.0-1.jar ...
	Maven Central: downloading http://repo1.maven.org/maven2/org/scala-lang/jline/2.9.0-1/jline-2.9.0-1.jar
		to /home/giladhoch/.ivy2/cache/org.scala-lang/jline/jars/jline-2.9.0-1.jar.part
sha1 file found for http://repo1.maven.org/maven2/org/scala-lang/jline/2.9.0-1/jline-2.9.0-1.jar: checking...
	Maven Central: downloading http://repo1.maven.org/maven2/org/scala-lang/jline/2.9.0-1/jline-2.9.0-1.jar.sha1
		to /tmp/ivytmp584575089850614294sha1
sha1 OK for http://repo1.maven.org/maven2/org/scala-lang/jline/2.9.0-1/jline-2.9.0-1.jar
	[SUCCESSFUL ] org.scala-lang#jline;2.9.0-1!jline.jar (17501ms)
	[NOT REQUIRED] org.fusesource.jansi#jansi;1.4!jansi.jar
:: resolution report :: resolve 3437ms :: artifacts dl 17519ms
Nbr of module to sort : 4
Sort dependencies of : org.scala-lang#scala-compiler;2.9.0-1 / Number of dependencies = 2
Sort dependencies of : org.scala-lang#scala-library;2.9.0-1 / Number of dependencies = 0
Sort done for : org.scala-lang#scala-library;2.9.0-1
Sort dependencies of : org.scala-lang#jline;2.9.0-1 / Number of dependencies = 1
Sort dependencies of : org.fusesource.jansi#jansi;1.4 / Number of dependencies = 1
Sort done for : org.fusesource.jansi#jansi;1.4
Sort done for : org.scala-lang#jline;2.9.0-1
Sort done for : org.scala-lang#scala-compiler;2.9.0-1
Module descriptor is processed : org.scala-lang#scala-library;2.9.0-1
Module descriptor is processed : org.scala-lang#jline;2.9.0-1
Module descriptor is processed : org.fusesource.jansi#jansi;1.4
	report for org.scala-tools.sbt#boot-scala;1.0 default produced in /home/giladhoch/.ivy2/cache/org.scala-tools.sbt-boot-scala-default.xml
	resolve done (3437ms resolve - 17519ms download)
:: retrieving :: org.scala-tools.sbt#boot-scala
	checkUpToDate=true
no explicit confs given for retrieve, using ivy file: /home/giladhoch/.ivy2/cache/resolved-org.scala-tools.sbt-boot-scala-1.0.xml
using ivy parser to parse /home/giladhoch/.ivy2/cache/resolved-org.scala-tools.sbt-boot-scala-1.0.xml
post 1.3 ivy file: using exact as default matcher
	confs: [default]
	retrieving /home/giladhoch/.ivy2/cache/org.fusesource.jansi/jansi/jars/jansi-1.4.jar
		to /home/giladhoch/workspace/clever_dropbox/clever_dropbox_server/project/boot/scala-2.9.0-1/lib/jansi.jar
	retrieving /home/giladhoch/.ivy2/cache/org.scala-lang/jline/jars/jline-2.9.0-1.jar
		to /home/giladhoch/workspace/clever_dropbox/clever_dropbox_server/project/boot/scala-2.9.0-1/lib/jline.jar
	retrieving /home/giladhoch/.ivy2/cache/org.scala-lang/scala-library/jars/scala-library-2.9.0-1.jar
		to /home/giladhoch/workspace/clever_dropbox/clever_dropbox_server/project/boot/scala-2.9.0-1/lib/scala-library.jar
	retrieving /home/giladhoch/.ivy2/cache/org.scala-lang/scala-compiler/jars/scala-compiler-2.9.0-1.jar
		to /home/giladhoch/workspace/clever_dropbox/clever_dropbox_server/project/boot/scala-2.9.0-1/lib/scala-compiler.jar
	4 artifacts copied, 0 already retrieved (20447kB/782ms)
	retrieve done (782ms)
